Analysis & Synthesis report for cristianpiano
Fri May 09 09:19:47 2025
Quartus Prime Version 20.1.1 Build 720 11/11/2020 SJ Lite Edition


---------------------
; Table of Contents ;
---------------------
  1. Legal Notice
  2. Analysis & Synthesis Summary
  3. Analysis & Synthesis Settings
  4. Parallel Compilation
  5. Analysis & Synthesis Source Files Read
  6. Analysis & Synthesis Resource Usage Summary
  7. Analysis & Synthesis Resource Utilization by Entity
  8. Registers Removed During Synthesis
  9. General Register Statistics
 10. Post-Synthesis Netlist Statistics for Top Partition
 11. Elapsed Time Per Partition
 12. Analysis & Synthesis Messages



----------------
; Legal Notice ;
----------------
Copyright (C) 2020  Intel Corporation. All rights reserved.
Your use of Intel Corporation's design tools, logic functions 
and other software and tools, and any partner logic 
functions, and any output files from any of the foregoing 
(including device programming or simulation files), and any 
associated documentation or information are expressly subject 
to the terms and conditions of the Intel Program License 
Subscription Agreement, the Intel Quartus Prime License Agreement,
the Intel FPGA IP License Agreement, or other applicable license
agreement, including, without limitation, that your use is for
the sole purpose of programming logic devices manufactured by
Intel and sold by Intel or its authorized distributors.  Please
refer to the applicable agreement for further details, at
https://fpgasoftware.intel.com/eula.



+----------------------------------------------------------------------------------+
; Analysis & Synthesis Summary                                                     ;
+------------------------------------+---------------------------------------------+
; Analysis & Synthesis Status        ; Successful - Fri May 09 09:19:47 2025       ;
; Quartus Prime Version              ; 20.1.1 Build 720 11/11/2020 SJ Lite Edition ;
; Revision Name                      ; cristianpiano                               ;
; Top-level Entity Name              ; cristianpiano                               ;
; Family                             ; Cyclone IV E                                ;
; Total logic elements               ; 247                                         ;
;     Total combinational functions  ; 247                                         ;
;     Dedicated logic registers      ; 130                                         ;
; Total registers                    ; 130                                         ;
; Total pins                         ; 6                                           ;
; Total virtual pins                 ; 0                                           ;
; Total memory bits                  ; 0                                           ;
; Embedded Multiplier 9-bit elements ; 0                                           ;
; Total PLLs                         ; 0                                           ;
+------------------------------------+---------------------------------------------+


+------------------------------------------------------------------------------------------------------------+
; Analysis & Synthesis Settings                                                                              ;
+------------------------------------------------------------------+--------------------+--------------------+
; Option                                                           ; Setting            ; Default Value      ;
+------------------------------------------------------------------+--------------------+--------------------+
; Device                                                           ; EP4CE6F17C8        ;                    ;
; Top-level entity name                                            ; cristianpiano      ; cristianpiano      ;
; Family name                                                      ; Cyclone IV E       ; Cyclone V          ;
; Use smart compilation                                            ; Off                ; Off                ;
; Enable parallel Assembler and Timing Analyzer during compilation ; On                 ; On                 ;
; Enable compact report table                                      ; Off                ; Off                ;
; Restructure Multiplexers                                         ; Auto               ; Auto               ;
; Create Debugging Nodes for IP Cores                              ; Off                ; Off                ;
; Preserve fewer node names                                        ; On                 ; On                 ;
; Intel FPGA IP Evaluation Mode                                    ; Enable             ; Enable             ;
; Verilog Version                                                  ; Verilog_2001       ; Verilog_2001       ;
; VHDL Version                                                     ; VHDL_1993          ; VHDL_1993          ;
; State Machine Processing                                         ; Auto               ; Auto               ;
; Safe State Machine                                               ; Off                ; Off                ;
; Extract Verilog State Machines                                   ; On                 ; On                 ;
; Extract VHDL State Machines                                      ; On                 ; On                 ;
; Ignore Verilog initial constructs                                ; Off                ; Off                ;
; Iteration limit for constant Verilog loops                       ; 5000               ; 5000               ;
; Iteration limit for non-constant Verilog loops                   ; 250                ; 250                ;
; Add Pass-Through Logic to Inferred RAMs                          ; On                 ; On                 ;
; Infer RAMs from Raw Logic                                        ; On                 ; On                 ;
; Parallel Synthesis                                               ; On                 ; On                 ;
; DSP Block Balancing                                              ; Auto               ; Auto               ;
; NOT Gate Push-Back                                               ; On                 ; On                 ;
; Power-Up Don't Care                                              ; On                 ; On                 ;
; Remove Redundant Logic Cells                                     ; Off                ; Off                ;
; Remove Duplicate Registers                                       ; On                 ; On                 ;
; Ignore CARRY Buffers                                             ; Off                ; Off                ;
; Ignore CASCADE Buffers                                           ; Off                ; Off                ;
; Ignore GLOBAL Buffers                                            ; Off                ; Off                ;
; Ignore ROW GLOBAL Buffers                                        ; Off                ; Off                ;
; Ignore LCELL Buffers                                             ; Off                ; Off                ;
; Ignore SOFT Buffers                                              ; On                 ; On                 ;
; Limit AHDL Integers to 32 Bits                                   ; Off                ; Off                ;
; Optimization Technique                                           ; Balanced           ; Balanced           ;
; Carry Chain Length                                               ; 70                 ; 70                 ;
; Auto Carry Chains                                                ; On                 ; On                 ;
; Auto Open-Drain Pins                                             ; On                 ; On                 ;
; Perform WYSIWYG Primitive Resynthesis                            ; Off                ; Off                ;
; Auto ROM Replacement                                             ; On                 ; On                 ;
; Auto RAM Replacement                                             ; On                 ; On                 ;
; Auto DSP Block Replacement                                       ; On                 ; On                 ;
; Auto Shift Register Replacement                                  ; Auto               ; Auto               ;
; Allow Shift Register Merging across Hierarchies                  ; Auto               ; Auto               ;
; Auto Clock Enable Replacement                                    ; On                 ; On                 ;
; Strict RAM Replacement                                           ; Off                ; Off                ;
; Allow Synchronous Control Signals                                ; On                 ; On                 ;
; Force Use of Synchronous Clear Signals                           ; Off                ; Off                ;
; Auto RAM Block Balancing                                         ; On                 ; On                 ;
; Auto RAM to Logic Cell Conversion                                ; Off                ; Off                ;
; Auto Resource Sharing                                            ; Off                ; Off                ;
; Allow Any RAM Size For Recognition                               ; Off                ; Off                ;
; Allow Any ROM Size For Recognition                               ; Off                ; Off                ;
; Allow Any Shift Register Size For Recognition                    ; Off                ; Off                ;
; Use LogicLock Constraints during Resource Balancing              ; On                 ; On                 ;
; Ignore translate_off and synthesis_off directives                ; Off                ; Off                ;
; Timing-Driven Synthesis                                          ; On                 ; On                 ;
; Report Parameter Settings                                        ; On                 ; On                 ;
; Report Source Assignments                                        ; On                 ; On                 ;
; Report Connectivity Checks                                       ; On                 ; On                 ;
; Ignore Maximum Fan-Out Assignments                               ; Off                ; Off                ;
; Synchronization Register Chain Length                            ; 2                  ; 2                  ;
; Power Optimization During Synthesis                              ; Normal compilation ; Normal compilation ;
; HDL message level                                                ; Level2             ; Level2             ;
; Suppress Register Optimization Related Messages                  ; Off                ; Off                ;
; Number of Removed Registers Reported in Synthesis Report         ; 5000               ; 5000               ;
; Number of Swept Nodes Reported in Synthesis Report               ; 5000               ; 5000               ;
; Number of Inverted Registers Reported in Synthesis Report        ; 100                ; 100                ;
; Clock MUX Protection                                             ; On                 ; On                 ;
; Auto Gated Clock Conversion                                      ; Off                ; Off                ;
; Block Design Naming                                              ; Auto               ; Auto               ;
; SDC constraint protection                                        ; Off                ; Off                ;
; Synthesis Effort                                                 ; Auto               ; Auto               ;
; Shift Register Replacement - Allow Asynchronous Clear Signal     ; On                 ; On                 ;
; Pre-Mapping Resynthesis Optimization                             ; Off                ; Off                ;
; Analysis & Synthesis Message Level                               ; Medium             ; Medium             ;
; Disable Register Merging Across Hierarchies                      ; Auto               ; Auto               ;
; Resource Aware Inference For Block RAM                           ; On                 ; On                 ;
+------------------------------------------------------------------+--------------------+--------------------+


+------------------------------------------+
; Parallel Compilation                     ;
+----------------------------+-------------+
; Processors                 ; Number      ;
+----------------------------+-------------+
; Number detected on machine ; 4           ;
; Maximum allowed            ; 4           ;
;                            ;             ;
; Average used               ; 1.00        ;
; Maximum used               ; 4           ;
;                            ;             ;
; Usage by Processor         ; % Time Used ;
;     Processor 1            ; 100.0%      ;
;     Processors 2-4         ;   0.0%      ;
+----------------------------+-------------+


+-----------------------------------------------------------------------------------------------------------------------------------------------------------+
; Analysis & Synthesis Source Files Read                                                                                                                    ;
+----------------------------------+-----------------+------------------------------------+-------------------------------------------------------+---------+
; File Name with User-Entered Path ; Used in Netlist ; File Type                          ; File Name with Absolute Path                          ; Library ;
+----------------------------------+-----------------+------------------------------------+-------------------------------------------------------+---------+
; MUX16-1.vhd                      ; yes             ; User VHDL File                     ; C:/Users/TL21/Desktop/cristianpiano/MUX16-1.vhd       ;         ;
; DF_sol.vhd                       ; yes             ; User VHDL File                     ; C:/Users/TL21/Desktop/cristianpiano/DF_sol.vhd        ;         ;
; DF_si.vhd                        ; yes             ; User VHDL File                     ; C:/Users/TL21/Desktop/cristianpiano/DF_si.vhd         ;         ;
; DF_re.vhd                        ; yes             ; User VHDL File                     ; C:/Users/TL21/Desktop/cristianpiano/DF_re.vhd         ;         ;
; DF_mi.vhd                        ; yes             ; User VHDL File                     ; C:/Users/TL21/Desktop/cristianpiano/DF_mi.vhd         ;         ;
; DF_la.vhd                        ; yes             ; User VHDL File                     ; C:/Users/TL21/Desktop/cristianpiano/DF_la.vhd         ;         ;
; DF_fa.vhd                        ; yes             ; User VHDL File                     ; C:/Users/TL21/Desktop/cristianpiano/DF_fa.vhd         ;         ;
; DF_do8.vhd                       ; yes             ; User VHDL File                     ; C:/Users/TL21/Desktop/cristianpiano/DF_do8.vhd        ;         ;
; DF_do.vhd                        ; yes             ; User VHDL File                     ; C:/Users/TL21/Desktop/cristianpiano/DF_do.vhd         ;         ;
; cristianpiano.bdf                ; yes             ; User Block Diagram/Schematic File  ; C:/Users/TL21/Desktop/cristianpiano/cristianpiano.bdf ;         ;
+----------------------------------+-----------------+------------------------------------+-------------------------------------------------------+---------+


+---------------------------------------------------------+
; Analysis & Synthesis Resource Usage Summary             ;
+---------------------------------------------+-----------+
; Resource                                    ; Usage     ;
+---------------------------------------------+-----------+
; Estimated Total logic elements              ; 247       ;
;                                             ;           ;
; Total combinational functions               ; 247       ;
; Logic element usage by number of LUT inputs ;           ;
;     -- 4 input functions                    ; 62        ;
;     -- 3 input functions                    ; 24        ;
;     -- <=2 input functions                  ; 161       ;
;                                             ;           ;
; Logic elements by mode                      ;           ;
;     -- normal mode                          ; 130       ;
;     -- arithmetic mode                      ; 117       ;
;                                             ;           ;
; Total registers                             ; 130       ;
;     -- Dedicated logic registers            ; 130       ;
;     -- I/O registers                        ; 0         ;
;                                             ;           ;
; I/O pins                                    ; 6         ;
;                                             ;           ;
; Embedded Multiplier 9-bit elements          ; 0         ;
;                                             ;           ;
; Maximum fan-out node                        ; CLK~input ;
; Maximum fan-out                             ; 130       ;
; Total fan-out                               ; 901       ;
; Average fan-out                             ; 2.32      ;
+---------------------------------------------+-----------+


+----------------------------------------------------------------------------------------------------------------------------------------------------------------------------------------------------------------------------------------------------+
; Analysis & Synthesis Resource Utilization by Entity                                                                                                                                                                                                ;
+-----------------------------------+---------------------+---------------------------+-------------+--------------+---------+-----------+------+--------------+---------------------------------------------+------------------------+--------------+
; Compilation Hierarchy Node        ; Combinational ALUTs ; Dedicated Logic Registers ; Memory Bits ; DSP Elements ; DSP 9x9 ; DSP 18x18 ; Pins ; Virtual Pins ; Full Hierarchy Name                         ; Entity Name            ; Library Name ;
+-----------------------------------+---------------------+---------------------------+-------------+--------------+---------+-----------+------+--------------+---------------------------------------------+------------------------+--------------+
; |cristianpiano                    ; 247 (0)             ; 130 (0)                   ; 0           ; 0            ; 0       ; 0         ; 6    ; 0            ; |cristianpiano                              ; cristianpiano          ; work         ;
;    |divisor_frecuencia_Do8:inst7| ; 28 (28)             ; 16 (16)                   ; 0           ; 0            ; 0       ; 0         ; 0    ; 0            ; |cristianpiano|divisor_frecuencia_Do8:inst7 ; divisor_frecuencia_Do8 ; work         ;
;    |divisor_frecuencia_do:inst|   ; 32 (32)             ; 18 (18)                   ; 0           ; 0            ; 0       ; 0         ; 0    ; 0            ; |cristianpiano|divisor_frecuencia_do:inst   ; divisor_frecuencia_do  ; work         ;
;    |divisor_frecuencia_fa:inst3|  ; 31 (31)             ; 16 (16)                   ; 0           ; 0            ; 0       ; 0         ; 0    ; 0            ; |cristianpiano|divisor_frecuencia_fa:inst3  ; divisor_frecuencia_fa  ; work         ;
;    |divisor_frecuencia_la:inst5|  ; 32 (32)             ; 16 (16)                   ; 0           ; 0            ; 0       ; 0         ; 0    ; 0            ; |cristianpiano|divisor_frecuencia_la:inst5  ; divisor_frecuencia_la  ; work         ;
;    |divisor_frecuencia_mi:inst2|  ; 28 (28)             ; 17 (17)                   ; 0           ; 0            ; 0       ; 0         ; 0    ; 0            ; |cristianpiano|divisor_frecuencia_mi:inst2  ; divisor_frecuencia_mi  ; work         ;
;    |divisor_frecuencia_re:inst1|  ; 32 (32)             ; 17 (17)                   ; 0           ; 0            ; 0       ; 0         ; 0    ; 0            ; |cristianpiano|divisor_frecuencia_re:inst1  ; divisor_frecuencia_re  ; work         ;
;    |divisor_frecuencia_si:inst6|  ; 30 (30)             ; 15 (15)                   ; 0           ; 0            ; 0       ; 0         ; 0    ; 0            ; |cristianpiano|divisor_frecuencia_si:inst6  ; divisor_frecuencia_si  ; work         ;
;    |divisor_frecuencia_sol:inst4| ; 28 (28)             ; 15 (15)                   ; 0           ; 0            ; 0       ; 0         ; 0    ; 0            ; |cristianpiano|divisor_frecuencia_sol:inst4 ; divisor_frecuencia_sol ; work         ;
;    |mux_16to1_individual:inst8|   ; 6 (6)               ; 0 (0)                     ; 0           ; 0            ; 0       ; 0         ; 0    ; 0            ; |cristianpiano|mux_16to1_individual:inst8   ; mux_16to1_individual   ; work         ;
+-----------------------------------+---------------------+---------------------------+-------------+--------------+---------+-----------+------+--------------+---------------------------------------------+------------------------+--------------+
Note: For table entries with two numbers listed, the numbers in parentheses indicate the number of resources of the given type used by the specific entity alone. The numbers listed outside of parentheses indicate the total resources of the given type used by the specific entity and all of its sub-entities in the hierarchy.


+----------------------------------------------------------------------------------------------+
; Registers Removed During Synthesis                                                           ;
+------------------------------------------+---------------------------------------------------+
; Register name                            ; Reason for Removal                                ;
+------------------------------------------+---------------------------------------------------+
; divisor_frecuencia_la:inst5|contador[0]  ; Merged with divisor_frecuencia_do:inst|counter[0] ;
; divisor_frecuencia_mi:inst2|contador[0]  ; Merged with divisor_frecuencia_do:inst|counter[0] ;
; divisor_frecuencia_fa:inst3|contador[0]  ; Merged with divisor_frecuencia_do:inst|counter[0] ;
; divisor_frecuencia_sol:inst4|contador[0] ; Merged with divisor_frecuencia_do:inst|counter[0] ;
; divisor_frecuencia_si:inst6|counter[0]   ; Merged with divisor_frecuencia_do:inst|counter[0] ;
; divisor_frecuencia_re:inst1|contador[0]  ; Merged with divisor_frecuencia_do:inst|counter[0] ;
; divisor_frecuencia_sol:inst4|contador[1] ; Merged with divisor_frecuencia_do:inst|counter[1] ;
; divisor_frecuencia_fa:inst3|contador[1]  ; Merged with divisor_frecuencia_do:inst|counter[1] ;
; divisor_frecuencia_si:inst6|counter[1]   ; Merged with divisor_frecuencia_do:inst|counter[1] ;
; Total Number of Removed Registers = 9    ;                                                   ;
+------------------------------------------+---------------------------------------------------+


+------------------------------------------------------+
; General Register Statistics                          ;
+----------------------------------------------+-------+
; Statistic                                    ; Value ;
+----------------------------------------------+-------+
; Total registers                              ; 130   ;
; Number of registers using Synchronous Clear  ; 0     ;
; Number of registers using Synchronous Load   ; 0     ;
; Number of registers using Asynchronous Clear ; 0     ;
; Number of registers using Asynchronous Load  ; 0     ;
; Number of registers using Clock Enable       ; 0     ;
; Number of registers using Preset             ; 0     ;
+----------------------------------------------+-------+


+-----------------------------------------------------+
; Post-Synthesis Netlist Statistics for Top Partition ;
+-----------------------+-----------------------------+
; Type                  ; Count                       ;
+-----------------------+-----------------------------+
; boundary_port         ; 6                           ;
; cycloneiii_ff         ; 130                         ;
;     plain             ; 130                         ;
; cycloneiii_lcell_comb ; 247                         ;
;     arith             ; 117                         ;
;         2 data inputs ; 111                         ;
;         3 data inputs ; 6                           ;
;     normal            ; 130                         ;
;         1 data inputs ; 8                           ;
;         2 data inputs ; 42                          ;
;         3 data inputs ; 18                          ;
;         4 data inputs ; 62                          ;
;                       ;                             ;
; Max LUT depth         ; 4.00                        ;
; Average LUT depth     ; 2.98                        ;
+-----------------------+-----------------------------+


+-------------------------------+
; Elapsed Time Per Partition    ;
+----------------+--------------+
; Partition Name ; Elapsed Time ;
+----------------+--------------+
; Top            ; 00:00:01     ;
+----------------+--------------+


+-------------------------------+
; Analysis & Synthesis Messages ;
+-------------------------------+
Info: *******************************************************************
Info: Running Quartus Prime Analysis & Synthesis
    Info: Version 20.1.1 Build 720 11/11/2020 SJ Lite Edition
    Info: Processing started: Fri May 09 09:19:34 2025
Info: Command: quartus_map --read_settings_files=on --write_settings_files=off cristianpiano -c cristianpiano
Warning (18236): Number of processors has not been specified which may cause overloading on shared machines.  Set the global assignment NUM_PARALLEL_PROCESSORS in your QSF to an appropriate value for best performance.
Info (20030): Parallel compilation is enabled and will use 4 of the 4 processors detected
Info (12021): Found 2 design units, including 1 entities, in source file mux16-1.vhd
    Info (12022): Found design unit 1: mux_16to1_individual-Behavioral File: C:/Users/TL21/Desktop/cristianpiano/MUX16-1.vhd Line: 18
    Info (12023): Found entity 1: mux_16to1_individual File: C:/Users/TL21/Desktop/cristianpiano/MUX16-1.vhd Line: 4
Info (12021): Found 2 design units, including 1 entities, in source file df_sol.vhd
    Info (12022): Found design unit 1: divisor_frecuencia_sol-Behavioral File: C:/Users/TL21/Desktop/cristianpiano/DF_sol.vhd Line: 13
    Info (12023): Found entity 1: divisor_frecuencia_sol File: C:/Users/TL21/Desktop/cristianpiano/DF_sol.vhd Line: 5
Info (12021): Found 2 design units, including 1 entities, in source file df_si.vhd
    Info (12022): Found design unit 1: divisor_frecuencia_si-Behavioral File: C:/Users/TL21/Desktop/cristianpiano/DF_si.vhd Line: 13
    Info (12023): Found entity 1: divisor_frecuencia_si File: C:/Users/TL21/Desktop/cristianpiano/DF_si.vhd Line: 5
Info (12021): Found 2 design units, including 1 entities, in source file df_re.vhd
    Info (12022): Found design unit 1: divisor_frecuencia_re-Behavioral File: C:/Users/TL21/Desktop/cristianpiano/DF_re.vhd Line: 13
    Info (12023): Found entity 1: divisor_frecuencia_re File: C:/Users/TL21/Desktop/cristianpiano/DF_re.vhd Line: 5
Info (12021): Found 2 design units, including 1 entities, in source file df_mi.vhd
    Info (12022): Found design unit 1: divisor_frecuencia_mi-Behavioral File: C:/Users/TL21/Desktop/cristianpiano/DF_mi.vhd Line: 13
    Info (12023): Found entity 1: divisor_frecuencia_mi File: C:/Users/TL21/Desktop/cristianpiano/DF_mi.vhd Line: 5
Info (12021): Found 2 design units, including 1 entities, in source file df_la.vhd
    Info (12022): Found design unit 1: divisor_frecuencia_la-Behavioral File: C:/Users/TL21/Desktop/cristianpiano/DF_la.vhd Line: 13
    Info (12023): Found entity 1: divisor_frecuencia_la File: C:/Users/TL21/Desktop/cristianpiano/DF_la.vhd Line: 5
Info (12021): Found 2 design units, including 1 entities, in source file df_fa.vhd
    Info (12022): Found design unit 1: divisor_frecuencia_fa-Behavioral File: C:/Users/TL21/Desktop/cristianpiano/DF_fa.vhd Line: 13
    Info (12023): Found entity 1: divisor_frecuencia_fa File: C:/Users/TL21/Desktop/cristianpiano/DF_fa.vhd Line: 5
Info (12021): Found 2 design units, including 1 entities, in source file df_do8.vhd
    Info (12022): Found design unit 1: divisor_frecuencia_Do8-Behavioral File: C:/Users/TL21/Desktop/cristianpiano/DF_do8.vhd Line: 13
    Info (12023): Found entity 1: divisor_frecuencia_Do8 File: C:/Users/TL21/Desktop/cristianpiano/DF_do8.vhd Line: 5
Info (12021): Found 2 design units, including 1 entities, in source file df_do.vhd
    Info (12022): Found design unit 1: divisor_frecuencia_do-behavioral File: C:/Users/TL21/Desktop/cristianpiano/DF_do.vhd Line: 13
    Info (12023): Found entity 1: divisor_frecuencia_do File: C:/Users/TL21/Desktop/cristianpiano/DF_do.vhd Line: 5
Info (12021): Found 1 design units, including 1 entities, in source file cristianpiano.bdf
    Info (12023): Found entity 1: cristianpiano
Info (12127): Elaborating entity "cristianpiano" for the top level hierarchy
Info (12128): Elaborating entity "mux_16to1_individual" for hierarchy "mux_16to1_individual:inst8"
Info (12128): Elaborating entity "divisor_frecuencia_do" for hierarchy "divisor_frecuencia_do:inst"
Info (12128): Elaborating entity "divisor_frecuencia_re" for hierarchy "divisor_frecuencia_re:inst1"
Info (12128): Elaborating entity "divisor_frecuencia_mi" for hierarchy "divisor_frecuencia_mi:inst2"
Info (12128): Elaborating entity "divisor_frecuencia_fa" for hierarchy "divisor_frecuencia_fa:inst3"
Info (12128): Elaborating entity "divisor_frecuencia_sol" for hierarchy "divisor_frecuencia_sol:inst4"
Info (12128): Elaborating entity "divisor_frecuencia_la" for hierarchy "divisor_frecuencia_la:inst5"
Info (12128): Elaborating entity "divisor_frecuencia_si" for hierarchy "divisor_frecuencia_si:inst6"
Info (12128): Elaborating entity "divisor_frecuencia_Do8" for hierarchy "divisor_frecuencia_Do8:inst7"
Info (286030): Timing-Driven Synthesis is running
Info (16010): Generating hard_block partition "hard_block:auto_generated_inst"
    Info (16011): Adding 0 node(s), including 0 DDIO, 0 PLL, 0 transceiver and 0 LCELL
Info (21057): Implemented 253 device resources after synthesis - the final resource count might be different
    Info (21058): Implemented 5 input pins
    Info (21059): Implemented 1 output pins
    Info (21061): Implemented 247 logic cells
Info: Quartus Prime Analysis & Synthesis was successful. 0 errors, 1 warning
    Info: Peak virtual memory: 4804 megabytes
    Info: Processing ended: Fri May 09 09:19:47 2025
    Info: Elapsed time: 00:00:13
    Info: Total CPU time (on all processors): 00:00:22


