Analysis & Synthesis report for Piano
Mon Apr 21 13:33:15 2025
Quartus Prime Version 20.1.1 Build 720 11/11/2020 SJ Lite Edition


---------------------
; Table of Contents ;
---------------------
  1. Legal Notice
  2. Analysis & Synthesis Summary
  3. Analysis & Synthesis Settings
  4. Parallel Compilation
  5. Analysis & Synthesis Source Files Read
  6. Analysis & Synthesis Messages



----------------
; Legal Notice ;
----------------
Copyright (C) 2020  Intel Corporation. All rights reserved.
Your use of Intel Corporation's design tools, logic functions 
and other software and tools, and any partner logic 
functions, and any output files from any of the foregoing 
(including device programming or simulation files), and any 
associated documentation or information are expressly subject 
to the terms and conditions of the Intel Program License 
Subscription Agreement, the Intel Quartus Prime License Agreement,
the Intel FPGA IP License Agreement, or other applicable license
agreement, including, without limitation, that your use is for
the sole purpose of programming logic devices manufactured by
Intel and sold by Intel or its authorized distributors.  Please
refer to the applicable agreement for further details, at
https://fpgasoftware.intel.com/eula.



+---------------------------------------------------------------------------+
; Analysis & Synthesis Summary                                              ;
+-----------------------------+---------------------------------------------+
; Analysis & Synthesis Status ; Failed - Mon Apr 21 13:33:15 2025           ;
; Quartus Prime Version       ; 20.1.1 Build 720 11/11/2020 SJ Lite Edition ;
; Revision Name               ; Piano                                       ;
; Top-level Entity Name       ; Piano                                       ;
; Family                      ; MAX II                                      ;
+-----------------------------+---------------------------------------------+


+------------------------------------------------------------------------------------------------------------+
; Analysis & Synthesis Settings                                                                              ;
+------------------------------------------------------------------+--------------------+--------------------+
; Option                                                           ; Setting            ; Default Value      ;
+------------------------------------------------------------------+--------------------+--------------------+
; Device                                                           ; EPM240T100C5       ;                    ;
; Top-level entity name                                            ; Piano              ; Piano              ;
; Family name                                                      ; MAX II             ; Cyclone V          ;
; Use smart compilation                                            ; Off                ; Off                ;
; Enable parallel Assembler and Timing Analyzer during compilation ; On                 ; On                 ;
; Enable compact report table                                      ; Off                ; Off                ;
; Restructure Multiplexers                                         ; Auto               ; Auto               ;
; Create Debugging Nodes for IP Cores                              ; Off                ; Off                ;
; Preserve fewer node names                                        ; On                 ; On                 ;
; Intel FPGA IP Evaluation Mode                                    ; Enable             ; Enable             ;
; Verilog Version                                                  ; Verilog_2001       ; Verilog_2001       ;
; VHDL Version                                                     ; VHDL_1993          ; VHDL_1993          ;
; State Machine Processing                                         ; Auto               ; Auto               ;
; Safe State Machine                                               ; Off                ; Off                ;
; Extract Verilog State Machines                                   ; On                 ; On                 ;
; Extract VHDL State Machines                                      ; On                 ; On                 ;
; Ignore Verilog initial constructs                                ; Off                ; Off                ;
; Iteration limit for constant Verilog loops                       ; 5000               ; 5000               ;
; Iteration limit for non-constant Verilog loops                   ; 250                ; 250                ;
; Add Pass-Through Logic to Inferred RAMs                          ; On                 ; On                 ;
; Infer RAMs from Raw Logic                                        ; On                 ; On                 ;
; Parallel Synthesis                                               ; On                 ; On                 ;
; NOT Gate Push-Back                                               ; On                 ; On                 ;
; Power-Up Don't Care                                              ; On                 ; On                 ;
; Remove Redundant Logic Cells                                     ; Off                ; Off                ;
; Remove Duplicate Registers                                       ; On                 ; On                 ;
; Ignore CARRY Buffers                                             ; Off                ; Off                ;
; Ignore CASCADE Buffers                                           ; Off                ; Off                ;
; Ignore GLOBAL Buffers                                            ; Off                ; Off                ;
; Ignore ROW GLOBAL Buffers                                        ; Off                ; Off                ;
; Ignore LCELL Buffers                                             ; Off                ; Off                ;
; Ignore SOFT Buffers                                              ; On                 ; On                 ;
; Limit AHDL Integers to 32 Bits                                   ; Off                ; Off                ;
; Optimization Technique                                           ; Balanced           ; Balanced           ;
; Carry Chain Length                                               ; 70                 ; 70                 ;
; Auto Carry Chains                                                ; On                 ; On                 ;
; Auto Open-Drain Pins                                             ; On                 ; On                 ;
; Perform WYSIWYG Primitive Resynthesis                            ; Off                ; Off                ;
; Auto Shift Register Replacement                                  ; Auto               ; Auto               ;
; Allow Shift Register Merging across Hierarchies                  ; Auto               ; Auto               ;
; Auto Clock Enable Replacement                                    ; On                 ; On                 ;
; Allow Synchronous Control Signals                                ; On                 ; On                 ;
; Force Use of Synchronous Clear Signals                           ; Off                ; Off                ;
; Auto Resource Sharing                                            ; Off                ; Off                ;
; Use LogicLock Constraints during Resource Balancing              ; On                 ; On                 ;
; Ignore translate_off and synthesis_off directives                ; Off                ; Off                ;
; Report Parameter Settings                                        ; On                 ; On                 ;
; Report Source Assignments                                        ; On                 ; On                 ;
; Report Connectivity Checks                                       ; On                 ; On                 ;
; Ignore Maximum Fan-Out Assignments                               ; Off                ; Off                ;
; Synchronization Register Chain Length                            ; 2                  ; 2                  ;
; Power Optimization During Synthesis                              ; Normal compilation ; Normal compilation ;
; HDL message level                                                ; Level2             ; Level2             ;
; Suppress Register Optimization Related Messages                  ; Off                ; Off                ;
; Number of Removed Registers Reported in Synthesis Report         ; 5000               ; 5000               ;
; Number of Swept Nodes Reported in Synthesis Report               ; 5000               ; 5000               ;
; Number of Inverted Registers Reported in Synthesis Report        ; 100                ; 100                ;
; Clock MUX Protection                                             ; On                 ; On                 ;
; Block Design Naming                                              ; Auto               ; Auto               ;
; Synthesis Effort                                                 ; Auto               ; Auto               ;
; Shift Register Replacement - Allow Asynchronous Clear Signal     ; On                 ; On                 ;
; Analysis & Synthesis Message Level                               ; Medium             ; Medium             ;
; Disable Register Merging Across Hierarchies                      ; Auto               ; Auto               ;
+------------------------------------------------------------------+--------------------+--------------------+


+------------------------------------------+
; Parallel Compilation                     ;
+----------------------------+-------------+
; Processors                 ; Number      ;
+----------------------------+-------------+
; Number detected on machine ; 12          ;
; Maximum allowed            ; 12          ;
;                            ;             ;
; Average used               ; 1.00        ;
; Maximum used               ; 1           ;
;                            ;             ;
; Usage by Processor         ; % Time Used ;
;     Processor 1            ; 100.0%      ;
+----------------------------+-------------+


+--------------------------------------------------------------------------------------------------------------------------------------------------------------+
; Analysis & Synthesis Source Files Read                                                                                                                       ;
+----------------------------------+-----------------+------------------------------------+----------------------------------------------------------+---------+
; File Name with User-Entered Path ; Used in Netlist ; File Type                          ; File Name with Absolute Path                             ; Library ;
+----------------------------------+-----------------+------------------------------------+----------------------------------------------------------+---------+
; Piano.bdf                        ; yes             ; User Block Diagram/Schematic File  ; C:/Users/Cristian/Desktop/cristian_piano/Piano/Piano.bdf ;         ;
+----------------------------------+-----------------+------------------------------------+----------------------------------------------------------+---------+


+-------------------------------+
; Analysis & Synthesis Messages ;
+-------------------------------+
Info: *******************************************************************
Info: Running Quartus Prime Analysis & Synthesis
    Info: Version 20.1.1 Build 720 11/11/2020 SJ Lite Edition
    Info: Processing started: Mon Apr 21 13:33:03 2025
Info: Command: quartus_map --read_settings_files=on --write_settings_files=off Piano -c Piano
Warning (18236): Number of processors has not been specified which may cause overloading on shared machines.  Set the global assignment NUM_PARALLEL_PROCESSORS in your QSF to an appropriate value for best performance.
Info (20030): Parallel compilation is enabled and will use 12 of the 12 processors detected
Info (12021): Found 2 design units, including 1 entities, in source file do.vhd
    Info (12022): Found design unit 1: divisor_do-Behavioral File: C:/Users/Cristian/Desktop/cristian_piano/Piano/DO.vhd Line: 11
    Info (12023): Found entity 1: divisor_do File: C:/Users/Cristian/Desktop/cristian_piano/Piano/DO.vhd Line: 5
Info (12021): Found 1 design units, including 1 entities, in source file piano.bdf
    Info (12023): Found entity 1: Piano
Info (12021): Found 2 design units, including 1 entities, in source file re.vhd
    Info (12022): Found design unit 1: divisor_re-Behavioral File: C:/Users/Cristian/Desktop/cristian_piano/Piano/RE.vhd Line: 11
    Info (12023): Found entity 1: divisor_re File: C:/Users/Cristian/Desktop/cristian_piano/Piano/RE.vhd Line: 5
Info (12021): Found 2 design units, including 1 entities, in source file mi.vhd
    Info (12022): Found design unit 1: divisor_mi-Behavioral File: C:/Users/Cristian/Desktop/cristian_piano/Piano/MI.vhd Line: 11
    Info (12023): Found entity 1: divisor_mi File: C:/Users/Cristian/Desktop/cristian_piano/Piano/MI.vhd Line: 5
Info (12021): Found 2 design units, including 1 entities, in source file fa.vhd
    Info (12022): Found design unit 1: divisor_fa-Behavioral File: C:/Users/Cristian/Desktop/cristian_piano/Piano/FA.vhd Line: 11
    Info (12023): Found entity 1: divisor_fa File: C:/Users/Cristian/Desktop/cristian_piano/Piano/FA.vhd Line: 5
Info (12021): Found 2 design units, including 1 entities, in source file sol.vhd
    Info (12022): Found design unit 1: divisor_sol-Behavioral File: C:/Users/Cristian/Desktop/cristian_piano/Piano/SOL.vhd Line: 11
    Info (12023): Found entity 1: divisor_sol File: C:/Users/Cristian/Desktop/cristian_piano/Piano/SOL.vhd Line: 5
Info (12021): Found 2 design units, including 1 entities, in source file la.vhd
    Info (12022): Found design unit 1: divisor_la-Behavioral File: C:/Users/Cristian/Desktop/cristian_piano/Piano/LA.vhd Line: 11
    Info (12023): Found entity 1: divisor_la File: C:/Users/Cristian/Desktop/cristian_piano/Piano/LA.vhd Line: 5
Info (12021): Found 2 design units, including 1 entities, in source file si.vhd
    Info (12022): Found design unit 1: divisor_si-Behavioral File: C:/Users/Cristian/Desktop/cristian_piano/Piano/SI.vhd Line: 11
    Info (12023): Found entity 1: divisor_si File: C:/Users/Cristian/Desktop/cristian_piano/Piano/SI.vhd Line: 5
Info (12021): Found 2 design units, including 1 entities, in source file doagudo.vhd
    Info (12022): Found design unit 1: divisor_do_agudo-Behavioral File: C:/Users/Cristian/Desktop/cristian_piano/Piano/DOagudo.vhd Line: 11
    Info (12023): Found entity 1: divisor_do_agudo File: C:/Users/Cristian/Desktop/cristian_piano/Piano/DOagudo.vhd Line: 5
Info (12021): Found 2 design units, including 1 entities, in source file mux81.vhd
    Info (12022): Found design unit 1: mux_8a1_notas-Behavioral File: C:/Users/Cristian/Desktop/cristian_piano/Piano/MUX81.vhd Line: 19
    Info (12023): Found entity 1: mux_8a1_notas File: C:/Users/Cristian/Desktop/cristian_piano/Piano/MUX81.vhd Line: 4
Info (12127): Elaborating entity "Piano" for the top level hierarchy
Error (275024): Width mismatch in port "sel[2..0]" of instance "inst8" and type mux_8a1_notas -- source is ""pin_name1""
Error (275024): Width mismatch in port "sel[2..0]" of instance "inst8" and type mux_8a1_notas -- source is ""pin_name2""
Error (275024): Width mismatch in port "sel[2..0]" of instance "inst8" and type mux_8a1_notas -- source is ""pin_name4""
Error (12153): Can't elaborate top-level user hierarchy
Error: Quartus Prime Analysis & Synthesis was unsuccessful. 4 errors, 1 warning
    Error: Peak virtual memory: 4765 megabytes
    Error: Processing ended: Mon Apr 21 13:33:15 2025
    Error: Elapsed time: 00:00:12
    Error: Total CPU time (on all processors): 00:00:13


